Loaded graph: n=317080 m=2099732
Seed: 1
Divide hash dims: 16
Divide max group: 512
Merge mode: batch-ea-blocked
Scoring backend: cpu
Threshold policy: reciprocal
CUDA scoring build: stub
Output writing: disabled
metric.n=317080
metric.input_edges_raw=1049866
metric.graph_arcs=2099732
metric.original_undirected_edges=1049866
metric.original_edges_eval=1049866
metric.iterations=20
metric.seed=1
metric.divide_hash_dims=16
metric.divide_max_group=512
metric.merge_mode=batch-ea-blocked
metric.scoring_backend=cpu
metric.threshold_policy=reciprocal
metric.profiling_mode=rounds
metric.top_k=16
metric.group_batch_size=64
metric.candidate_batch_budget=0
metric.cuda_slice_memory_mb=0
metric.overflow_group_gmax=0
metric.overflow_refine_rounds=0
metric.error_bound=0.000000
metric.supernode_count=155835
metric.P=348921
metric.Cp=229747
metric.Cm=21153
metric.encoding_cost=599821
metric.cost_ratio=0.571331
metric.num_superedges_nonloop=287417
metric.num_superedges_loop=61504
metric.num_positive_corrections=229747
metric.num_negative_corrections=21153
metric.encoding_cost_standard=599821
metric.cost_ratio_standard=0.571331
metric.encoding_cost_mags_x2=1138138
metric.encoding_cost_mags_compatible=569069.000000
metric.cost_ratio_mags_compatible=0.542040
metric.compression_gain=0.428669
metric.compression_java_style=0.428669
metric.runtime_run_ms=9367.272557
metric.runtime_divide_ms=1229.404299
metric.runtime_merge_ms=8137.625758
metric.divide_max_group_size=189
metric.divide_fallback_splits=0
metric.runtime_encode_ms=170.692704
metric.runtime_output_ms=0.000000
metric.runtime_algorithm_ms=9537.965261
metric.runtime_end_to_end_ms=9537.965261
metric.merge_prepare_wall_ms=1535.708998
metric.merge_prepare_task_sum_ms=9805.294272
metric.merge_create_w_ms=3810.219125
metric.merge_scoring_ms=11264.372501
metric.merge_candidate_gen_ms=5851.294274
metric.merge_gain_scoring_ms=5413.078227
metric.merge_selection_ms=14.360789
metric.merge_update_ms=23.327002
metric.merge_candidate_pairs=380762
metric.merge_selected_pairs=161245
metric.merge_total_local_gain=463550
metric.merge_avg_local_gain=2.874818
metric.merge_group_count=851098
metric.merge_group_max_size=189
metric.merge_raw_pair_count=8595213
metric.merge_candidate_pairs_after_prune=6095695
metric.merge_exact_gain_calls=6095695
metric.merge_positive_gain_pairs=380762
metric.merge_rejected_by_overlap=219517
metric.merge_rejected_by_threshold=5714933
metric.merge_exact_gain_calls_per_selected=37.803932
metric.merge_positive_gain_ratio=0.062464
metric.threshold_last=0.047619
metric.threshold_geom_last=0.047619
metric.threshold_adaptive_last=0.047619
metric.threshold_acceptance_scale=1.000000
metric.threshold_acceptance_rate_last=0.000000
metric.threshold_sample_count_last=0
metric.cuda_init_ms=0.000000
metric.cuda_h2d_ms=0.000000
metric.cuda_row_h2d_ms=0.000000
metric.cuda_pair_h2d_ms=0.000000
metric.cuda_kernel_ms=0.000000
metric.cuda_d2h_ms=0.000000
metric.cuda_total_ms=0.000000
metric.cuda_packed_h2d_ms=0.000000
metric.cuda_packed_d2h_ms=0.000000
metric.cuda_num_calls=0
metric.cuda_row_uploads=0
metric.cuda_kernel_launches=0
metric.cuda_h2d_bytes=0
metric.cuda_d2h_bytes=0
metric.cuda_max_candidates_per_launch=0
metric.cuda_packed_h2d_calls=0
metric.cuda_packed_d2h_calls=0
metric.cuda_packed_input_bytes=0
metric.cuda_packed_output_bytes=0
metric.cuda_slice_count=0
metric.cuda_blocks_single_slice=0
metric.cuda_blocks_multi_slice=0
metric.cuda_max_slice_rows=0
metric.cuda_max_slice_nnz=0
metric.cuda_max_slice_candidates=0
metric.cuda_slice_memory_budget_bytes=0
metric.overflow_groups_seen=0
metric.overflow_refined_subgroups=0
metric.overflow_forced_chunks=0
metric.overflow_max_group_before=0
metric.overflow_max_group_after=0
metric.overflow_refine_ms=0.000000
metric.encode_relabel_ms=11.936907
metric.encode_count_edges_ms=46.357527
metric.encode_decision_ms=13.698256
metric.encode_correction_generation_ms=53.515587
metric.reconstruction_pass=unknown
metric.profile_iterations_observed=20
metric.profile_active_supernodes_last=156317
metric.profile_group_count_last=75494
metric.profile_sum_group_sizes_last=156317
metric.candidate_proxy_pairs_examined=20861550
metric.candidate_pairs_after_topk=6095695
metric.candidate_pairs_submitted_for_scoring=6095695
metric.candidate_pairs_scored=6095695
metric.exact_gain_calls_profiled=6095695
metric.exact_gain_positive_count=2182649
metric.above_threshold_count=380762
metric.matching_selected_count=161245
metric.actual_merge_count=161245
metric.prepare_original_edges_scanned=37777879
metric.prepare_aggregated_nnz=22407404
metric.exact_gain_input_nnz=132614550
metric.update_partition_nodes_touched=410389
metric.profiling_divide_ms=1229.404299
metric.profiling_prepare_ms=1536.493140
metric.profiling_candidate_discovery_task_sum_ms=5851.294274
metric.profiling_exact_gain_ms=5413.078227
metric.profiling_matching_ms=14.360789
metric.profiling_update_ms=23.327002
