Loaded graph: n=3997962 m=69362378
Seed: 1
Divide hash dims: 16
Divide max group: 512
Merge mode: batch-ea-blocked
Scoring backend: cpu
Threshold policy: reciprocal
CUDA scoring build: stub
Output writing: disabled
metric.n=3997962
metric.input_edges_raw=34681189
metric.graph_arcs=69362378
metric.original_undirected_edges=34681189
metric.original_edges_eval=34681189
metric.iterations=20
metric.seed=1
metric.divide_hash_dims=16
metric.divide_max_group=512
metric.merge_mode=batch-ea-blocked
metric.scoring_backend=cpu
metric.threshold_policy=reciprocal
metric.profiling_mode=rounds
metric.top_k=16
metric.group_batch_size=64
metric.candidate_batch_budget=0
metric.cuda_slice_memory_mb=0
metric.overflow_group_gmax=0
metric.overflow_refine_rounds=0
metric.error_bound=0.000000
metric.supernode_count=2348740
metric.P=12388291
metric.Cp=13093280
metric.Cm=720646
metric.encoding_cost=26202217
metric.cost_ratio=0.755517
metric.num_superedges_nonloop=11988773
metric.num_superedges_loop=399518
metric.num_positive_corrections=13093280
metric.num_negative_corrections=720646
metric.encoding_cost_standard=26202217
metric.cost_ratio_standard=0.755517
metric.encoding_cost_mags_x2=52004916
metric.encoding_cost_mags_compatible=26002458.000000
metric.cost_ratio_mags_compatible=0.749757
metric.compression_gain=0.244483
metric.compression_java_style=0.244483
metric.runtime_run_ms=230163.990661
metric.runtime_divide_ms=69212.188445
metric.runtime_merge_ms=160945.413216
metric.divide_max_group_size=511
metric.divide_fallback_splits=0
metric.runtime_encode_ms=6549.893454
metric.runtime_output_ms=0.000000
metric.runtime_algorithm_ms=236713.884115
metric.runtime_end_to_end_ms=236713.884115
metric.merge_prepare_wall_ms=69237.747537
metric.merge_prepare_task_sum_ms=358521.586184
metric.merge_create_w_ms=166332.887545
metric.merge_scoring_ms=267566.793131
metric.merge_candidate_gen_ms=191009.280269
metric.merge_gain_scoring_ms=76557.512861
metric.merge_selection_ms=201.990939
metric.merge_update_ms=242.369174
metric.merge_candidate_pairs=4175972
metric.merge_selected_pairs=1649222
metric.merge_total_local_gain=8989221
metric.merge_avg_local_gain=5.450583
metric.merge_group_count=9010080
metric.merge_group_max_size=511
metric.merge_raw_pair_count=401377638
metric.merge_candidate_pairs_after_prune=159916415
metric.merge_exact_gain_calls=159916415
metric.merge_positive_gain_pairs=4175972
metric.merge_rejected_by_overlap=2526750
metric.merge_rejected_by_threshold=155740443
metric.merge_exact_gain_calls_per_selected=96.964760
metric.merge_positive_gain_ratio=0.026113
metric.threshold_last=0.047619
metric.threshold_geom_last=0.047619
metric.threshold_adaptive_last=0.047619
metric.threshold_acceptance_scale=1.000000
metric.threshold_acceptance_rate_last=0.000000
metric.threshold_sample_count_last=0
metric.cuda_init_ms=0.000000
metric.cuda_h2d_ms=0.000000
metric.cuda_row_h2d_ms=0.000000
metric.cuda_pair_h2d_ms=0.000000
metric.cuda_kernel_ms=0.000000
metric.cuda_d2h_ms=0.000000
metric.cuda_total_ms=0.000000
metric.cuda_packed_h2d_ms=0.000000
metric.cuda_packed_d2h_ms=0.000000
metric.cuda_num_calls=0
metric.cuda_row_uploads=0
metric.cuda_kernel_launches=0
metric.cuda_h2d_bytes=0
metric.cuda_d2h_bytes=0
metric.cuda_max_candidates_per_launch=0
metric.cuda_packed_h2d_calls=0
metric.cuda_packed_d2h_calls=0
metric.cuda_packed_input_bytes=0
metric.cuda_packed_output_bytes=0
metric.cuda_slice_count=0
metric.cuda_blocks_single_slice=0
metric.cuda_blocks_multi_slice=0
metric.cuda_max_slice_rows=0
metric.cuda_max_slice_nnz=0
metric.cuda_max_slice_candidates=0
metric.cuda_slice_memory_budget_bytes=0
metric.overflow_groups_seen=0
metric.overflow_refined_subgroups=0
metric.overflow_forced_chunks=0
metric.overflow_max_group_before=0
metric.overflow_max_group_after=0
metric.overflow_refine_ms=0.000000
metric.encode_relabel_ms=154.316705
metric.encode_count_edges_ms=1990.234333
metric.encode_decision_ms=623.264699
metric.encode_correction_generation_ms=1764.906191
metric.reconstruction_pass=unknown
metric.profile_iterations_observed=20
metric.profile_active_supernodes_last=2364484
metric.profile_group_count_last=939905
metric.profile_sum_group_sizes_last=2364484
metric.candidate_proxy_pairs_examined=1707904375
metric.candidate_pairs_after_topk=159916415
metric.candidate_pairs_submitted_for_scoring=159916415
metric.candidate_pairs_scored=159916415
metric.exact_gain_calls_profiled=159916415
metric.exact_gain_positive_count=54564058
metric.above_threshold_count=4175972
metric.matching_selected_count=1649222
metric.actual_merge_count=1649222
metric.prepare_original_edges_scanned=1326975092
metric.prepare_aggregated_nnz=1030875780
metric.exact_gain_input_nnz=12446198493
metric.update_partition_nodes_touched=3970763
metric.profiling_divide_ms=69212.188445
metric.profiling_prepare_ms=69250.601995
metric.profiling_candidate_discovery_task_sum_ms=191009.280269
metric.profiling_exact_gain_ms=76557.512861
metric.profiling_matching_ms=201.990939
metric.profiling_update_ms=242.369174
