Loaded graph: n=1965206 m=5533214
Seed: 1
Divide hash dims: 16
Divide max group: 512
Merge mode: batch-ea-blocked
Scoring backend: cpu
Threshold policy: reciprocal
CUDA scoring build: stub
Output writing: disabled
metric.n=1965206
metric.input_edges_raw=2766607
metric.graph_arcs=5533214
metric.original_undirected_edges=2766607
metric.original_edges_eval=2766607
metric.iterations=20
metric.seed=1
metric.divide_hash_dims=16
metric.divide_max_group=512
metric.merge_mode=batch-ea-blocked
metric.scoring_backend=cpu
metric.threshold_policy=reciprocal
metric.profiling_mode=rounds
metric.top_k=16
metric.group_batch_size=64
metric.candidate_batch_budget=0
metric.cuda_slice_memory_mb=0
metric.overflow_group_gmax=0
metric.overflow_refine_rounds=0
metric.error_bound=0.000000
metric.supernode_count=1278139
metric.P=698766
metric.Cp=1230219
metric.Cm=50607
metric.encoding_cost=1979592
metric.cost_ratio=0.715531
metric.num_superedges_nonloop=656992
metric.num_superedges_loop=41774
metric.num_positive_corrections=1230219
metric.num_negative_corrections=50607
metric.encoding_cost_standard=1979592
metric.cost_ratio_standard=0.715531
metric.encoding_cost_mags_x2=3917410
metric.encoding_cost_mags_compatible=1958705.000000
metric.cost_ratio_mags_compatible=0.707981
metric.compression_gain=0.284469
metric.compression_java_style=0.284469
metric.runtime_run_ms=75042.563616
metric.runtime_divide_ms=25492.988415
metric.runtime_merge_ms=49546.285364
metric.divide_max_group_size=11
metric.divide_fallback_splits=0
metric.runtime_encode_ms=518.490297
metric.runtime_output_ms=0.000000
metric.runtime_algorithm_ms=75561.053913
metric.runtime_end_to_end_ms=75561.053913
metric.merge_prepare_wall_ms=4197.653343
metric.merge_prepare_task_sum_ms=41011.011700
metric.merge_create_w_ms=19145.287718
metric.merge_scoring_ms=57386.602966
metric.merge_candidate_gen_ms=20605.589098
metric.merge_gain_scoring_ms=36781.013868
metric.merge_selection_ms=70.311969
metric.merge_update_ms=95.498725
metric.merge_candidate_pairs=862286
metric.merge_selected_pairs=687067
metric.merge_total_local_gain=827343
metric.merge_avg_local_gain=1.204166
metric.merge_group_count=8251641
metric.merge_group_max_size=11
metric.merge_raw_pair_count=23069506
metric.merge_candidate_pairs_after_prune=17636358
metric.merge_exact_gain_calls=17636358
metric.merge_positive_gain_pairs=862286
metric.merge_rejected_by_overlap=175219
metric.merge_rejected_by_threshold=16774072
metric.merge_exact_gain_calls_per_selected=25.669051
metric.merge_positive_gain_ratio=0.048893
metric.threshold_last=0.047619
metric.threshold_geom_last=0.047619
metric.threshold_adaptive_last=0.047619
metric.threshold_acceptance_scale=1.000000
metric.threshold_acceptance_rate_last=0.000000
metric.threshold_sample_count_last=0
metric.cuda_init_ms=0.000000
metric.cuda_h2d_ms=0.000000
metric.cuda_row_h2d_ms=0.000000
metric.cuda_pair_h2d_ms=0.000000
metric.cuda_kernel_ms=0.000000
metric.cuda_d2h_ms=0.000000
metric.cuda_total_ms=0.000000
metric.cuda_packed_h2d_ms=0.000000
metric.cuda_packed_d2h_ms=0.000000
metric.cuda_num_calls=0
metric.cuda_row_uploads=0
metric.cuda_kernel_launches=0
metric.cuda_h2d_bytes=0
metric.cuda_d2h_bytes=0
metric.cuda_max_candidates_per_launch=0
metric.cuda_packed_h2d_calls=0
metric.cuda_packed_d2h_calls=0
metric.cuda_packed_input_bytes=0
metric.cuda_packed_output_bytes=0
metric.cuda_slice_count=0
metric.cuda_blocks_single_slice=0
metric.cuda_blocks_multi_slice=0
metric.cuda_max_slice_rows=0
metric.cuda_max_slice_nnz=0
metric.cuda_max_slice_candidates=0
metric.cuda_slice_memory_budget_bytes=0
metric.overflow_groups_seen=0
metric.overflow_refined_subgroups=0
metric.overflow_forced_chunks=0
metric.overflow_max_group_before=0
metric.overflow_max_group_after=0
metric.overflow_refine_ms=0.000000
metric.encode_relabel_ms=53.952031
metric.encode_count_edges_ms=258.618053
metric.encode_decision_ms=43.153823
metric.encode_correction_generation_ms=55.107224
metric.reconstruction_pass=unknown
metric.profile_iterations_observed=20
metric.profile_active_supernodes_last=1279954
metric.profile_group_count_last=673455
metric.profile_sum_group_sizes_last=1279954
metric.candidate_proxy_pairs_examined=13638215
metric.candidate_pairs_after_topk=17636358
metric.candidate_pairs_submitted_for_scoring=17636358
metric.candidate_pairs_scored=17636358
metric.exact_gain_calls_profiled=17636358
metric.exact_gain_positive_count=3795676
metric.above_threshold_count=862286
metric.matching_selected_count=687067
metric.actual_merge_count=687067
metric.prepare_original_edges_scanned=91084510
metric.prepare_aggregated_nnz=69238428
metric.exact_gain_input_nnz=112504429
metric.update_partition_nodes_touched=1472482
metric.profiling_divide_ms=25492.988415
metric.profiling_prepare_ms=4205.451152
metric.profiling_candidate_discovery_task_sum_ms=20605.589098
metric.profiling_exact_gain_ms=36781.013868
metric.profiling_matching_ms=70.311969
metric.profiling_update_ms=95.498725
