Loaded graph: n=1134890 m=5975248
Seed: 1
Divide hash dims: 16
Divide max group: 512
Merge mode: batch-ea-blocked
Scoring backend: cpu
Threshold policy: reciprocal
CUDA scoring build: stub
Output writing: disabled
metric.n=1134890
metric.input_edges_raw=2987624
metric.graph_arcs=5975248
metric.original_undirected_edges=2987624
metric.original_edges_eval=2987624
metric.iterations=20
metric.seed=1
metric.divide_hash_dims=16
metric.divide_max_group=512
metric.merge_mode=batch-ea-blocked
metric.scoring_backend=cpu
metric.threshold_policy=reciprocal
metric.profiling_mode=rounds
metric.top_k=16
metric.group_batch_size=64
metric.candidate_batch_budget=0
metric.cuda_slice_memory_mb=0
metric.overflow_group_gmax=0
metric.overflow_refine_rounds=0
metric.error_bound=0.000000
metric.supernode_count=519883
metric.P=1078907
metric.Cp=1101708
metric.Cm=16065
metric.encoding_cost=2196680
metric.cost_ratio=0.735260
metric.num_superedges_nonloop=1064904
metric.num_superedges_loop=14003
metric.num_positive_corrections=1101708
metric.num_negative_corrections=16065
metric.encoding_cost_standard=2196680
metric.cost_ratio_standard=0.735260
metric.encoding_cost_mags_x2=4379357
metric.encoding_cost_mags_compatible=2189678.500000
metric.cost_ratio_mags_compatible=0.732916
metric.compression_gain=0.264740
metric.compression_java_style=0.264740
metric.runtime_run_ms=49615.797100
metric.runtime_divide_ms=7796.551632
metric.runtime_merge_ms=41818.058557
metric.divide_max_group_size=512
metric.divide_fallback_splits=0
metric.runtime_encode_ms=449.553215
metric.runtime_output_ms=0.000000
metric.runtime_algorithm_ms=50065.350315
metric.runtime_end_to_end_ms=50065.350315
metric.merge_prepare_wall_ms=23181.492798
metric.merge_prepare_task_sum_ms=43883.588934
metric.merge_create_w_ms=14933.829498
metric.merge_scoring_ms=43535.042899
metric.merge_candidate_gen_ms=28626.590706
metric.merge_gain_scoring_ms=14908.452193
metric.merge_selection_ms=350.523720
metric.merge_update_ms=93.171872
metric.merge_candidate_pairs=13548785
metric.merge_selected_pairs=615007
metric.merge_total_local_gain=802577
metric.merge_avg_local_gain=1.304988
metric.merge_group_count=2438147
metric.merge_group_max_size=512
metric.merge_raw_pair_count=166465763
metric.merge_candidate_pairs_after_prune=31367993
metric.merge_exact_gain_calls=31367993
metric.merge_positive_gain_pairs=13548785
metric.merge_rejected_by_overlap=12933778
metric.merge_rejected_by_threshold=17819208
metric.merge_exact_gain_calls_per_selected=51.004286
metric.merge_positive_gain_ratio=0.431930
metric.threshold_last=0.047619
metric.threshold_geom_last=0.047619
metric.threshold_adaptive_last=0.047619
metric.threshold_acceptance_scale=1.000000
metric.threshold_acceptance_rate_last=0.000000
metric.threshold_sample_count_last=0
metric.cuda_init_ms=0.000000
metric.cuda_h2d_ms=0.000000
metric.cuda_row_h2d_ms=0.000000
metric.cuda_pair_h2d_ms=0.000000
metric.cuda_kernel_ms=0.000000
metric.cuda_d2h_ms=0.000000
metric.cuda_total_ms=0.000000
metric.cuda_packed_h2d_ms=0.000000
metric.cuda_packed_d2h_ms=0.000000
metric.cuda_num_calls=0
metric.cuda_row_uploads=0
metric.cuda_kernel_launches=0
metric.cuda_h2d_bytes=0
metric.cuda_d2h_bytes=0
metric.cuda_max_candidates_per_launch=0
metric.cuda_packed_h2d_calls=0
metric.cuda_packed_d2h_calls=0
metric.cuda_packed_input_bytes=0
metric.cuda_packed_output_bytes=0
metric.cuda_slice_count=0
metric.cuda_blocks_single_slice=0
metric.cuda_blocks_multi_slice=0
metric.cuda_max_slice_rows=0
metric.cuda_max_slice_nnz=0
metric.cuda_max_slice_candidates=0
metric.cuda_slice_memory_budget_bytes=0
metric.overflow_groups_seen=0
metric.overflow_refined_subgroups=0
metric.overflow_forced_chunks=0
metric.overflow_max_group_before=0
metric.overflow_max_group_after=0
metric.overflow_refine_ms=0.000000
metric.encode_relabel_ms=27.564334
metric.encode_count_edges_ms=121.688859
metric.encode_decision_ms=51.167868
metric.encode_correction_generation_ms=104.020555
metric.reconstruction_pass=unknown
metric.profile_iterations_observed=20
metric.profile_active_supernodes_last=526010
metric.profile_group_count_last=300807
metric.profile_sum_group_sizes_last=526010
metric.candidate_proxy_pairs_examined=221239555
metric.candidate_pairs_after_topk=31367993
metric.candidate_pairs_submitted_for_scoring=31367993
metric.candidate_pairs_scored=31367993
metric.exact_gain_calls_profiled=31367993
metric.exact_gain_positive_count=20669619
metric.above_threshold_count=13548785
metric.matching_selected_count=615007
metric.actual_merge_count=615007
metric.prepare_original_edges_scanned=103075849
metric.prepare_aggregated_nnz=84168542
metric.exact_gain_input_nnz=763787084
metric.update_partition_nodes_touched=1889269
metric.profiling_divide_ms=7796.551632
metric.profiling_prepare_ms=23185.305988
metric.profiling_candidate_discovery_task_sum_ms=28626.590706
metric.profiling_exact_gain_ms=14908.452193
metric.profiling_matching_ms=350.523720
metric.profiling_update_ms=93.171872
