Loaded graph: n=334863 m=1851744
Seed: 1
Divide hash dims: 16
Divide max group: 512
Merge mode: batch-ea-blocked
Scoring backend: cpu
Threshold policy: reciprocal
CUDA scoring build: stub
Output writing: disabled
metric.n=334863
metric.input_edges_raw=925872
metric.graph_arcs=1851744
metric.original_undirected_edges=925872
metric.original_edges_eval=925872
metric.iterations=20
metric.seed=1
metric.divide_hash_dims=16
metric.divide_max_group=512
metric.merge_mode=batch-ea-blocked
metric.scoring_backend=cpu
metric.threshold_policy=reciprocal
metric.profiling_mode=off
metric.top_k=16
metric.group_batch_size=64
metric.candidate_batch_budget=0
metric.cuda_slice_memory_mb=0
metric.overflow_group_gmax=0
metric.overflow_refine_rounds=0
metric.error_bound=0.000000
metric.supernode_count=179322
metric.P=268658
metric.Cp=264818
metric.Cm=39286
metric.encoding_cost=572762
metric.cost_ratio=0.618619
metric.num_superedges_nonloop=231011
metric.num_superedges_loop=37647
metric.num_positive_corrections=264818
metric.num_negative_corrections=39286
metric.encoding_cost_standard=572762
metric.cost_ratio_standard=0.618619
metric.encoding_cost_mags_x2=1107877
metric.encoding_cost_mags_compatible=553938.500000
metric.cost_ratio_mags_compatible=0.598288
metric.compression_gain=0.381381
metric.compression_java_style=0.381381
metric.runtime_run_ms=8966.383600
metric.runtime_divide_ms=1428.053005
metric.runtime_merge_ms=7538.325093
metric.divide_max_group_size=314
metric.divide_fallback_splits=0
metric.runtime_encode_ms=125.203165
metric.runtime_output_ms=0.000000
metric.runtime_algorithm_ms=9091.586765
metric.runtime_end_to_end_ms=9091.586765
metric.merge_prepare_wall_ms=1218.670524
metric.merge_prepare_task_sum_ms=9705.406660
metric.merge_create_w_ms=3688.080084
metric.merge_scoring_ms=10975.106303
metric.merge_candidate_gen_ms=5847.838865
metric.merge_gain_scoring_ms=5127.267438
metric.merge_selection_ms=13.929559
metric.merge_update_ms=22.277530
metric.merge_candidate_pairs=299875
metric.merge_selected_pairs=155541
metric.merge_total_local_gain=379457
metric.merge_avg_local_gain=2.439595
metric.merge_group_count=1008423
metric.merge_group_max_size=314
metric.merge_raw_pair_count=8085572
metric.merge_candidate_pairs_after_prune=5996392
metric.merge_exact_gain_calls=5996392
metric.merge_positive_gain_pairs=299875
metric.merge_rejected_by_overlap=144334
metric.merge_rejected_by_threshold=5696517
metric.merge_exact_gain_calls_per_selected=38.551842
metric.merge_positive_gain_ratio=0.050009
metric.threshold_last=0.047619
metric.threshold_geom_last=0.047619
metric.threshold_adaptive_last=0.047619
metric.threshold_acceptance_scale=1.000000
metric.threshold_acceptance_rate_last=0.000000
metric.threshold_sample_count_last=0
metric.cuda_init_ms=0.000000
metric.cuda_h2d_ms=0.000000
metric.cuda_row_h2d_ms=0.000000
metric.cuda_pair_h2d_ms=0.000000
metric.cuda_kernel_ms=0.000000
metric.cuda_d2h_ms=0.000000
metric.cuda_total_ms=0.000000
metric.cuda_packed_h2d_ms=0.000000
metric.cuda_packed_d2h_ms=0.000000
metric.cuda_num_calls=0
metric.cuda_row_uploads=0
metric.cuda_kernel_launches=0
metric.cuda_h2d_bytes=0
metric.cuda_d2h_bytes=0
metric.cuda_max_candidates_per_launch=0
metric.cuda_packed_h2d_calls=0
metric.cuda_packed_d2h_calls=0
metric.cuda_packed_input_bytes=0
metric.cuda_packed_output_bytes=0
metric.cuda_slice_count=0
metric.cuda_blocks_single_slice=0
metric.cuda_blocks_multi_slice=0
metric.cuda_max_slice_rows=0
metric.cuda_max_slice_nnz=0
metric.cuda_max_slice_candidates=0
metric.cuda_slice_memory_budget_bytes=0
metric.overflow_groups_seen=0
metric.overflow_refined_subgroups=0
metric.overflow_forced_chunks=0
metric.overflow_max_group_before=0
metric.overflow_max_group_after=0
metric.overflow_refine_ms=0.000000
metric.encode_relabel_ms=7.556727
metric.encode_count_edges_ms=41.377796
metric.encode_decision_ms=12.823300
metric.encode_correction_generation_ms=28.515354
metric.reconstruction_pass=unknown
