Loaded graph: n=4039 m=176468
Seed: 1
Divide hash dims: 16
Divide max group: 512
Merge mode: batch-ea-blocked
Scoring backend: cpu
Threshold policy: reciprocal
CUDA scoring build: stub
Output writing: disabled
metric.n=4039
metric.input_edges_raw=88234
metric.graph_arcs=176468
metric.original_undirected_edges=88234
metric.original_edges_eval=88234
metric.iterations=20
metric.seed=1
metric.divide_hash_dims=16
metric.divide_max_group=512
metric.merge_mode=batch-ea-blocked
metric.scoring_backend=cpu
metric.threshold_policy=reciprocal
metric.profiling_mode=rounds
metric.top_k=16
metric.group_batch_size=64
metric.candidate_batch_budget=0
metric.cuda_slice_memory_mb=0
metric.overflow_group_gmax=0
metric.overflow_refine_rounds=0
metric.error_bound=0.000000
metric.supernode_count=1872
metric.P=13478
metric.Cp=22681
metric.Cm=7662
metric.encoding_cost=43821
metric.cost_ratio=0.496645
metric.num_superedges_nonloop=12543
metric.num_superedges_loop=935
metric.num_positive_corrections=22681
metric.num_negative_corrections=7662
metric.encoding_cost_standard=43821
metric.cost_ratio_standard=0.496645
metric.encoding_cost_mags_x2=86707
metric.encoding_cost_mags_compatible=43353.500000
metric.cost_ratio_mags_compatible=0.491347
metric.compression_gain=0.503355
metric.compression_java_style=0.503355
metric.runtime_run_ms=226.168891
metric.runtime_divide_ms=13.164310
metric.runtime_merge_ms=212.996634
metric.divide_max_group_size=255
metric.divide_fallback_splits=0
metric.runtime_encode_ms=8.719431
metric.runtime_output_ms=0.000000
metric.runtime_algorithm_ms=234.888322
metric.runtime_end_to_end_ms=234.888322
metric.merge_prepare_wall_ms=124.102924
metric.merge_prepare_task_sum_ms=663.830700
metric.merge_create_w_ms=186.239321
metric.merge_scoring_ms=551.069067
metric.merge_candidate_gen_ms=476.478556
metric.merge_gain_scoring_ms=74.590511
metric.merge_selection_ms=0.408904
metric.merge_update_ms=0.265517
metric.merge_candidate_pairs=11713
metric.merge_selected_pairs=2167
metric.merge_total_local_gain=51283
metric.merge_avg_local_gain=23.665436
metric.merge_group_count=5835
metric.merge_group_max_size=255
metric.merge_raw_pair_count=605623
metric.merge_candidate_pairs_after_prune=289013
metric.merge_exact_gain_calls=289013
metric.merge_positive_gain_pairs=11713
metric.merge_rejected_by_overlap=9546
metric.merge_rejected_by_threshold=277300
metric.merge_exact_gain_calls_per_selected=133.370097
metric.merge_positive_gain_ratio=0.040528
metric.threshold_last=0.047619
metric.threshold_geom_last=0.047619
metric.threshold_adaptive_last=0.047619
metric.threshold_acceptance_scale=1.000000
metric.threshold_acceptance_rate_last=0.000000
metric.threshold_sample_count_last=0
metric.cuda_init_ms=0.000000
metric.cuda_h2d_ms=0.000000
metric.cuda_row_h2d_ms=0.000000
metric.cuda_pair_h2d_ms=0.000000
metric.cuda_kernel_ms=0.000000
metric.cuda_d2h_ms=0.000000
metric.cuda_total_ms=0.000000
metric.cuda_packed_h2d_ms=0.000000
metric.cuda_packed_d2h_ms=0.000000
metric.cuda_num_calls=0
metric.cuda_row_uploads=0
metric.cuda_kernel_launches=0
metric.cuda_h2d_bytes=0
metric.cuda_d2h_bytes=0
metric.cuda_max_candidates_per_launch=0
metric.cuda_packed_h2d_calls=0
metric.cuda_packed_d2h_calls=0
metric.cuda_packed_input_bytes=0
metric.cuda_packed_output_bytes=0
metric.cuda_slice_count=0
metric.cuda_blocks_single_slice=0
metric.cuda_blocks_multi_slice=0
metric.cuda_max_slice_rows=0
metric.cuda_max_slice_nnz=0
metric.cuda_max_slice_candidates=0
metric.cuda_slice_memory_budget_bytes=0
metric.overflow_groups_seen=0
metric.overflow_refined_subgroups=0
metric.overflow_forced_chunks=0
metric.overflow_max_group_before=0
metric.overflow_max_group_after=0
metric.overflow_refine_ms=0.000000
metric.encode_relabel_ms=0.096240
metric.encode_count_edges_ms=4.111507
metric.encode_decision_ms=0.596134
metric.encode_correction_generation_ms=1.387965
metric.reconstruction_pass=unknown
metric.profile_iterations_observed=20
metric.profile_active_supernodes_last=1893
metric.profile_group_count_last=428
metric.profile_sum_group_sizes_last=1893
metric.candidate_proxy_pairs_examined=16679445
metric.candidate_pairs_after_topk=289013
metric.candidate_pairs_submitted_for_scoring=289013
metric.candidate_pairs_scored=289013
metric.exact_gain_calls_profiled=289013
metric.exact_gain_positive_count=99331
metric.above_threshold_count=11713
metric.matching_selected_count=2167
metric.actual_merge_count=2167
metric.prepare_original_edges_scanned=3468052
metric.prepare_aggregated_nnz=1619002
metric.exact_gain_input_nnz=28505384
metric.update_partition_nodes_touched=5439
metric.profiling_divide_ms=13.164310
metric.profiling_prepare_ms=124.110880
metric.profiling_candidate_discovery_task_sum_ms=476.478556
metric.profiling_exact_gain_ms=74.590511
metric.profiling_matching_ms=0.408904
metric.profiling_update_ms=0.265517
