Loaded graph: n=334863 m=1851744
Seed: 1
Divide hash dims: 16
Divide max group: 512
Merge mode: batch-ea-blocked
Scoring backend: cpu
Threshold policy: reciprocal
CUDA scoring build: stub
Output writing: disabled
Iter 1: groups=116077 active_supernodes=322784
Iter 2: groups=113875 active_supernodes=286801
Iter 3: groups=108617 active_supernodes=258225
Iter 4: groups=102872 active_supernodes=238994
Iter 5: groups=98135 active_supernodes=225394
Iter 6: groups=94355 active_supernodes=215524
Iter 7: groups=91259 active_supernodes=207706
Iter 8: groups=89046 active_supernodes=201809
Iter 9: groups=87169 active_supernodes=197362
Iter 10: groups=85611 active_supernodes=193677
Iter 11: groups=84580 active_supernodes=190835
Iter 12: groups=83399 active_supernodes=188490
Iter 13: groups=83052 active_supernodes=186530
Iter 14: groups=82425 active_supernodes=184903
Iter 15: groups=82137 active_supernodes=183528
Iter 16: groups=81320 active_supernodes=182401
Iter 17: groups=81008 active_supernodes=181427
Iter 18: groups=80905 active_supernodes=180641
Iter 19: groups=80448 active_supernodes=179931
Iter 20: groups=80466 active_supernodes=179322
metric.n=334863
metric.input_edges_raw=925872
metric.graph_arcs=1851744
metric.original_undirected_edges=925872
metric.original_edges_eval=925872
metric.iterations=20
metric.seed=1
metric.divide_hash_dims=16
metric.divide_max_group=512
metric.merge_mode=batch-ea-blocked
metric.scoring_backend=cpu
metric.threshold_policy=reciprocal
metric.top_k=16
metric.group_batch_size=64
metric.candidate_batch_budget=0
metric.cuda_slice_memory_mb=0
metric.overflow_group_gmax=0
metric.overflow_refine_rounds=0
metric.error_bound=0.000000
metric.supernode_count=179322
metric.P=268658
metric.Cp=264818
metric.Cm=39286
metric.encoding_cost=572762
metric.cost_ratio=0.618619
metric.num_superedges_nonloop=231011
metric.num_superedges_loop=37647
metric.num_positive_corrections=264818
metric.num_negative_corrections=39286
metric.encoding_cost_standard=572762
metric.cost_ratio_standard=0.618619
metric.encoding_cost_mags_x2=1107877
metric.encoding_cost_mags_compatible=553938.500000
metric.cost_ratio_mags_compatible=0.598288
metric.compression_gain=0.381381
metric.compression_java_style=0.381381
metric.runtime_run_ms=9255.722396
metric.runtime_divide_ms=1364.444617
metric.runtime_merge_ms=7890.159619
metric.divide_max_group_size=314
metric.divide_fallback_splits=0
metric.runtime_encode_ms=129.910252
metric.runtime_output_ms=0.000000
metric.runtime_algorithm_ms=9385.632648
metric.runtime_end_to_end_ms=9385.632648
metric.merge_prepare_wall_ms=1349.477791
metric.merge_prepare_task_sum_ms=10356.609964
metric.merge_create_w_ms=3985.196178
metric.merge_scoring_ms=11451.368465
metric.merge_candidate_gen_ms=6193.448473
metric.merge_gain_scoring_ms=5257.919992
metric.merge_selection_ms=14.630130
metric.merge_update_ms=21.522256
metric.merge_candidate_pairs=299875
metric.merge_selected_pairs=155541
metric.merge_total_local_gain=379457
metric.merge_avg_local_gain=2.439595
metric.merge_group_count=1008423
metric.merge_group_max_size=314
metric.merge_raw_pair_count=8085572
metric.merge_candidate_pairs_after_prune=5996392
metric.merge_exact_gain_calls=5996392
metric.merge_positive_gain_pairs=299875
metric.merge_rejected_by_overlap=144334
metric.merge_rejected_by_threshold=5696517
metric.merge_exact_gain_calls_per_selected=38.551842
metric.merge_positive_gain_ratio=0.050009
metric.threshold_last=0.047619
metric.threshold_geom_last=0.047619
metric.threshold_adaptive_last=0.047619
metric.threshold_acceptance_scale=1.000000
metric.threshold_acceptance_rate_last=0.000000
metric.threshold_sample_count_last=0
metric.cuda_init_ms=0.000000
metric.cuda_h2d_ms=0.000000
metric.cuda_row_h2d_ms=0.000000
metric.cuda_pair_h2d_ms=0.000000
metric.cuda_kernel_ms=0.000000
metric.cuda_d2h_ms=0.000000
metric.cuda_total_ms=0.000000
metric.cuda_packed_h2d_ms=0.000000
metric.cuda_packed_d2h_ms=0.000000
metric.cuda_num_calls=0
metric.cuda_row_uploads=0
metric.cuda_kernel_launches=0
metric.cuda_h2d_bytes=0
metric.cuda_d2h_bytes=0
metric.cuda_max_candidates_per_launch=0
metric.cuda_packed_h2d_calls=0
metric.cuda_packed_d2h_calls=0
metric.cuda_packed_input_bytes=0
metric.cuda_packed_output_bytes=0
metric.cuda_slice_count=0
metric.cuda_blocks_single_slice=0
metric.cuda_blocks_multi_slice=0
metric.cuda_max_slice_rows=0
metric.cuda_max_slice_nnz=0
metric.cuda_max_slice_candidates=0
metric.cuda_slice_memory_budget_bytes=0
metric.overflow_groups_seen=0
metric.overflow_refined_subgroups=0
metric.overflow_forced_chunks=0
metric.overflow_max_group_before=0
metric.overflow_max_group_after=0
metric.overflow_refine_ms=0.000000
metric.encode_relabel_ms=9.471952
metric.encode_count_edges_ms=40.569766
metric.encode_decision_ms=12.921807
metric.encode_correction_generation_ms=30.756598
metric.reconstruction_pass=unknown
