Loaded graph: n=36692 m=367662
Seed: 1
Divide hash dims: 16
Divide max group: 512
Merge mode: batch-ea-blocked
Scoring backend: cpu
Threshold policy: reciprocal
CUDA scoring build: stub
Output writing: disabled
Iter 1: groups=12390 active_supernodes=35102
Iter 2: groups=12571 active_supernodes=29687
Iter 3: groups=11600 active_supernodes=25864
Iter 4: groups=11387 active_supernodes=23970
Iter 5: groups=10972 active_supernodes=22460
Iter 6: groups=9361 active_supernodes=21272
Iter 7: groups=9524 active_supernodes=20432
Iter 8: groups=9389 active_supernodes=19704
Iter 9: groups=9060 active_supernodes=19061
Iter 10: groups=8268 active_supernodes=18532
Iter 11: groups=7938 active_supernodes=18047
Iter 12: groups=7935 active_supernodes=17675
Iter 13: groups=7710 active_supernodes=17351
Iter 14: groups=7678 active_supernodes=17088
Iter 15: groups=7858 active_supernodes=16850
Iter 16: groups=7606 active_supernodes=16665
Iter 17: groups=7263 active_supernodes=16434
Iter 18: groups=7171 active_supernodes=16260
Iter 19: groups=7877 active_supernodes=16114
Iter 20: groups=7154 active_supernodes=15957
metric.n=36692
metric.input_edges_raw=183831
metric.graph_arcs=367662
metric.original_undirected_edges=183831
metric.original_edges_eval=183831
metric.iterations=20
metric.seed=1
metric.divide_hash_dims=16
metric.divide_max_group=512
metric.merge_mode=batch-ea-blocked
metric.scoring_backend=cpu
metric.threshold_policy=reciprocal
metric.top_k=16
metric.group_batch_size=64
metric.candidate_batch_budget=0
metric.cuda_slice_memory_mb=0
metric.overflow_group_gmax=0
metric.overflow_refine_rounds=0
metric.error_bound=0.000000
metric.supernode_count=15957
metric.P=61825
metric.Cp=65646
metric.Cm=3144
metric.encoding_cost=130615
metric.cost_ratio=0.710517
metric.num_superedges_nonloop=56365
metric.num_superedges_loop=5460
metric.num_positive_corrections=65646
metric.num_negative_corrections=3144
metric.encoding_cost_standard=130615
metric.cost_ratio_standard=0.710517
metric.encoding_cost_mags_x2=255770
metric.encoding_cost_mags_compatible=127885.000000
metric.cost_ratio_mags_compatible=0.695666
metric.compression_gain=0.289483
metric.compression_java_style=0.289483
metric.runtime_run_ms=1762.643358
metric.runtime_divide_ms=115.740491
metric.runtime_merge_ms=1646.698886
metric.divide_max_group_size=506
metric.divide_fallback_splits=0
metric.runtime_encode_ms=21.096993
metric.runtime_output_ms=0.000000
metric.runtime_algorithm_ms=1783.740351
metric.runtime_end_to_end_ms=1783.740351
metric.merge_prepare_wall_ms=969.075213
metric.merge_prepare_task_sum_ms=2012.393649
metric.merge_create_w_ms=473.825543
metric.merge_scoring_ms=2075.710310
metric.merge_candidate_gen_ms=1526.784886
metric.merge_gain_scoring_ms=548.925424
metric.merge_selection_ms=8.156750
metric.merge_update_ms=2.736893
metric.merge_candidate_pairs=359890
metric.merge_selected_pairs=20735
metric.merge_total_local_gain=53442
metric.merge_avg_local_gain=2.577381
metric.merge_group_count=73602
metric.merge_group_max_size=506
metric.merge_raw_pair_count=6207143
metric.merge_candidate_pairs_after_prune=1424396
metric.merge_exact_gain_calls=1424396
metric.merge_positive_gain_pairs=359890
metric.merge_rejected_by_overlap=339155
metric.merge_rejected_by_threshold=1064506
metric.merge_exact_gain_calls_per_selected=68.695250
metric.merge_positive_gain_ratio=0.252661
metric.threshold_last=0.047619
metric.threshold_geom_last=0.047619
metric.threshold_adaptive_last=0.047619
metric.threshold_acceptance_scale=1.000000
metric.threshold_acceptance_rate_last=0.000000
metric.threshold_sample_count_last=0
metric.cuda_init_ms=0.000000
metric.cuda_h2d_ms=0.000000
metric.cuda_row_h2d_ms=0.000000
metric.cuda_pair_h2d_ms=0.000000
metric.cuda_kernel_ms=0.000000
metric.cuda_d2h_ms=0.000000
metric.cuda_total_ms=0.000000
metric.cuda_packed_h2d_ms=0.000000
metric.cuda_packed_d2h_ms=0.000000
metric.cuda_num_calls=0
metric.cuda_row_uploads=0
metric.cuda_kernel_launches=0
metric.cuda_h2d_bytes=0
metric.cuda_d2h_bytes=0
metric.cuda_max_candidates_per_launch=0
metric.cuda_packed_h2d_calls=0
metric.cuda_packed_d2h_calls=0
metric.cuda_packed_input_bytes=0
metric.cuda_packed_output_bytes=0
metric.cuda_slice_count=0
metric.cuda_blocks_single_slice=0
metric.cuda_blocks_multi_slice=0
metric.cuda_max_slice_rows=0
metric.cuda_max_slice_nnz=0
metric.cuda_max_slice_candidates=0
metric.cuda_slice_memory_budget_bytes=0
metric.overflow_groups_seen=0
metric.overflow_refined_subgroups=0
metric.overflow_forced_chunks=0
metric.overflow_max_group_before=0
metric.overflow_max_group_after=0
metric.overflow_refine_ms=0.000000
metric.encode_relabel_ms=0.756367
metric.encode_count_edges_ms=7.234271
metric.encode_decision_ms=2.710831
metric.encode_correction_generation_ms=3.187848
metric.reconstruction_pass=unknown
