Loaded graph: n=4039 m=176468
Seed: 1
Divide hash dims: 16
Divide max group: 512
Merge mode: batch-ea-blocked
Scoring backend: cpu
Threshold policy: reciprocal
CUDA scoring build: stub
Output writing: disabled
Iter 1: groups=747 active_supernodes=4022
Iter 2: groups=703 active_supernodes=3319
Iter 3: groups=702 active_supernodes=2993
Iter 4: groups=623 active_supernodes=2807
Iter 5: groups=566 active_supernodes=2662
Iter 6: groups=457 active_supernodes=2501
Iter 7: groups=568 active_supernodes=2415
Iter 8: groups=506 active_supernodes=2335
Iter 9: groups=502 active_supernodes=2274
Iter 10: groups=520 active_supernodes=2210
Iter 11: groups=520 active_supernodes=2151
Iter 12: groups=523 active_supernodes=2108
Iter 13: groups=355 active_supernodes=2049
Iter 14: groups=404 active_supernodes=2013
Iter 15: groups=428 active_supernodes=1981
Iter 16: groups=465 active_supernodes=1966
Iter 17: groups=403 active_supernodes=1936
Iter 18: groups=416 active_supernodes=1909
Iter 19: groups=462 active_supernodes=1893
Iter 20: groups=428 active_supernodes=1872
metric.n=4039
metric.input_edges_raw=88234
metric.graph_arcs=176468
metric.original_undirected_edges=88234
metric.original_edges_eval=88234
metric.iterations=20
metric.seed=1
metric.divide_hash_dims=16
metric.divide_max_group=512
metric.merge_mode=batch-ea-blocked
metric.scoring_backend=cpu
metric.threshold_policy=reciprocal
metric.top_k=16
metric.group_batch_size=64
metric.candidate_batch_budget=0
metric.cuda_slice_memory_mb=0
metric.overflow_group_gmax=0
metric.overflow_refine_rounds=0
metric.error_bound=0.000000
metric.supernode_count=1872
metric.P=13478
metric.Cp=22681
metric.Cm=7662
metric.encoding_cost=43821
metric.cost_ratio=0.496645
metric.num_superedges_nonloop=12543
metric.num_superedges_loop=935
metric.num_positive_corrections=22681
metric.num_negative_corrections=7662
metric.encoding_cost_standard=43821
metric.cost_ratio_standard=0.496645
metric.encoding_cost_mags_x2=86707
metric.encoding_cost_mags_compatible=43353.500000
metric.cost_ratio_mags_compatible=0.491347
metric.compression_gain=0.503355
metric.compression_java_style=0.503355
metric.runtime_run_ms=264.583841
metric.runtime_divide_ms=17.420930
metric.runtime_merge_ms=247.135447
metric.divide_max_group_size=255
metric.divide_fallback_splits=0
metric.runtime_encode_ms=11.366694
metric.runtime_output_ms=0.000000
metric.runtime_algorithm_ms=275.950535
metric.runtime_end_to_end_ms=275.950535
metric.merge_prepare_wall_ms=140.419752
metric.merge_prepare_task_sum_ms=480.164866
metric.merge_create_w_ms=102.076666
metric.merge_scoring_ms=466.495131
metric.merge_candidate_gen_ms=377.310662
metric.merge_gain_scoring_ms=89.184469
metric.merge_selection_ms=0.563139
metric.merge_update_ms=0.311689
metric.merge_candidate_pairs=11713
metric.merge_selected_pairs=2167
metric.merge_total_local_gain=51283
metric.merge_avg_local_gain=23.665436
metric.merge_group_count=5835
metric.merge_group_max_size=255
metric.merge_raw_pair_count=605623
metric.merge_candidate_pairs_after_prune=289013
metric.merge_exact_gain_calls=289013
metric.merge_positive_gain_pairs=11713
metric.merge_rejected_by_overlap=9546
metric.merge_rejected_by_threshold=277300
metric.merge_exact_gain_calls_per_selected=133.370097
metric.merge_positive_gain_ratio=0.040528
metric.threshold_last=0.047619
metric.threshold_geom_last=0.047619
metric.threshold_adaptive_last=0.047619
metric.threshold_acceptance_scale=1.000000
metric.threshold_acceptance_rate_last=0.000000
metric.threshold_sample_count_last=0
metric.cuda_init_ms=0.000000
metric.cuda_h2d_ms=0.000000
metric.cuda_row_h2d_ms=0.000000
metric.cuda_pair_h2d_ms=0.000000
metric.cuda_kernel_ms=0.000000
metric.cuda_d2h_ms=0.000000
metric.cuda_total_ms=0.000000
metric.cuda_packed_h2d_ms=0.000000
metric.cuda_packed_d2h_ms=0.000000
metric.cuda_num_calls=0
metric.cuda_row_uploads=0
metric.cuda_kernel_launches=0
metric.cuda_h2d_bytes=0
metric.cuda_d2h_bytes=0
metric.cuda_max_candidates_per_launch=0
metric.cuda_packed_h2d_calls=0
metric.cuda_packed_d2h_calls=0
metric.cuda_packed_input_bytes=0
metric.cuda_packed_output_bytes=0
metric.cuda_slice_count=0
metric.cuda_blocks_single_slice=0
metric.cuda_blocks_multi_slice=0
metric.cuda_max_slice_rows=0
metric.cuda_max_slice_nnz=0
metric.cuda_max_slice_candidates=0
metric.cuda_slice_memory_budget_bytes=0
metric.overflow_groups_seen=0
metric.overflow_refined_subgroups=0
metric.overflow_forced_chunks=0
metric.overflow_max_group_before=0
metric.overflow_max_group_after=0
metric.overflow_refine_ms=0.000000
metric.encode_relabel_ms=0.130836
metric.encode_count_edges_ms=5.328939
metric.encode_decision_ms=0.855863
metric.encode_correction_generation_ms=1.757175
metric.reconstruction_pass=unknown
