Loaded graph: n=3997962 m=69362378
Seed: 1
Divide hash dims: 16
Divide max group: 512
Merge mode: batch-ea-blocked
Scoring backend: cpu
Threshold policy: reciprocal
CUDA scoring build: stub
Output writing: disabled
Iter 1: groups=1445277 active_supernodes=3922537
Iter 2: groups=1418218 active_supernodes=3676960
Iter 3: groups=1354040 active_supernodes=3414730
Iter 4: groups=1287191 active_supernodes=3212129
Iter 5: groups=1228471 active_supernodes=3054450
Iter 6: groups=1171890 active_supernodes=2930286
Iter 7: groups=1133572 active_supernodes=2831216
Iter 8: groups=1103529 active_supernodes=2750813
Iter 9: groups=1069732 active_supernodes=2684314
Iter 10: groups=1051544 active_supernodes=2628244
Iter 11: groups=1024523 active_supernodes=2580428
Iter 12: groups=1010738 active_supernodes=2539455
Iter 13: groups=994976 active_supernodes=2504104
Iter 14: groups=980531 active_supernodes=2473275
Iter 15: groups=973933 active_supernodes=2446147
Iter 16: groups=967213 active_supernodes=2422158
Iter 17: groups=957189 active_supernodes=2400777
Iter 18: groups=955425 active_supernodes=2381787
Iter 19: groups=945594 active_supernodes=2364484
Iter 20: groups=939905 active_supernodes=2348740
metric.n=3997962
metric.input_edges_raw=34681189
metric.graph_arcs=69362378
metric.original_undirected_edges=34681189
metric.original_edges_eval=34681189
metric.iterations=20
metric.seed=1
metric.divide_hash_dims=16
metric.divide_max_group=512
metric.merge_mode=batch-ea-blocked
metric.scoring_backend=cpu
metric.threshold_policy=reciprocal
metric.top_k=16
metric.group_batch_size=64
metric.candidate_batch_budget=0
metric.cuda_slice_memory_mb=0
metric.overflow_group_gmax=0
metric.overflow_refine_rounds=0
metric.error_bound=0.000000
metric.supernode_count=2348740
metric.P=12388291
metric.Cp=13093280
metric.Cm=720646
metric.encoding_cost=26202217
metric.cost_ratio=0.755517
metric.num_superedges_nonloop=11988773
metric.num_superedges_loop=399518
metric.num_positive_corrections=13093280
metric.num_negative_corrections=720646
metric.encoding_cost_standard=26202217
metric.cost_ratio_standard=0.755517
metric.encoding_cost_mags_x2=52004916
metric.encoding_cost_mags_compatible=26002458.000000
metric.cost_ratio_mags_compatible=0.749757
metric.compression_gain=0.244483
metric.compression_java_style=0.244483
metric.runtime_run_ms=260757.483260
metric.runtime_divide_ms=71691.993584
metric.runtime_merge_ms=189045.300918
metric.divide_max_group_size=511
metric.divide_fallback_splits=0
metric.runtime_encode_ms=5916.596746
metric.runtime_output_ms=0.000000
metric.runtime_algorithm_ms=266674.080006
metric.runtime_end_to_end_ms=266674.080006
metric.merge_prepare_wall_ms=71934.199387
metric.merge_prepare_task_sum_ms=361974.750364
metric.merge_create_w_ms=163605.704518
metric.merge_scoring_ms=299710.681108
metric.merge_candidate_gen_ms=197156.399701
metric.merge_gain_scoring_ms=102554.281405
metric.merge_selection_ms=200.687844
metric.merge_update_ms=241.854907
metric.merge_candidate_pairs=4175972
metric.merge_selected_pairs=1649222
metric.merge_total_local_gain=8989221
metric.merge_avg_local_gain=5.450583
metric.merge_group_count=9010080
metric.merge_group_max_size=511
metric.merge_raw_pair_count=401377638
metric.merge_candidate_pairs_after_prune=159916415
metric.merge_exact_gain_calls=159916415
metric.merge_positive_gain_pairs=4175972
metric.merge_rejected_by_overlap=2526750
metric.merge_rejected_by_threshold=155740443
metric.merge_exact_gain_calls_per_selected=96.964760
metric.merge_positive_gain_ratio=0.026113
metric.threshold_last=0.047619
metric.threshold_geom_last=0.047619
metric.threshold_adaptive_last=0.047619
metric.threshold_acceptance_scale=1.000000
metric.threshold_acceptance_rate_last=0.000000
metric.threshold_sample_count_last=0
metric.cuda_init_ms=0.000000
metric.cuda_h2d_ms=0.000000
metric.cuda_row_h2d_ms=0.000000
metric.cuda_pair_h2d_ms=0.000000
metric.cuda_kernel_ms=0.000000
metric.cuda_d2h_ms=0.000000
metric.cuda_total_ms=0.000000
metric.cuda_packed_h2d_ms=0.000000
metric.cuda_packed_d2h_ms=0.000000
metric.cuda_num_calls=0
metric.cuda_row_uploads=0
metric.cuda_kernel_launches=0
metric.cuda_h2d_bytes=0
metric.cuda_d2h_bytes=0
metric.cuda_max_candidates_per_launch=0
metric.cuda_packed_h2d_calls=0
metric.cuda_packed_d2h_calls=0
metric.cuda_packed_input_bytes=0
metric.cuda_packed_output_bytes=0
metric.cuda_slice_count=0
metric.cuda_blocks_single_slice=0
metric.cuda_blocks_multi_slice=0
metric.cuda_max_slice_rows=0
metric.cuda_max_slice_nnz=0
metric.cuda_max_slice_candidates=0
metric.cuda_slice_memory_budget_bytes=0
metric.overflow_groups_seen=0
metric.overflow_refined_subgroups=0
metric.overflow_forced_chunks=0
metric.overflow_max_group_before=0
metric.overflow_max_group_after=0
metric.overflow_refine_ms=0.000000
metric.encode_relabel_ms=122.637418
metric.encode_count_edges_ms=1816.019017
metric.encode_decision_ms=569.763524
metric.encode_correction_generation_ms=1532.550404
metric.reconstruction_pass=unknown
